<?xml version="1.0" encoding="UTF-8"?>
<testng-results ignored="6" total="7" passed="1" failed="0" skipped="0">
  <reporter-output>
  </reporter-output>
  <suite started-at="2020-05-04T02:02:44 CEST" name="Default suite" finished-at="2020-05-04T02:03:09 CEST" duration-ms="25782">
    <groups>
    </groups>
    <test started-at="2020-05-04T02:02:44 CEST" name="Default test" finished-at="2020-05-04T02:03:09 CEST" duration-ms="25782">
      <class name="example.NewTest">
        <test-method signature="task7()[pri:0, instance:example.NewTest@5db250b4]" started-at="2020-05-04T02:02:44 CEST" name="task7" finished-at="2020-05-04T02:03:09 CEST" duration-ms="25706" status="PASS">
          <reporter-output>
          </reporter-output>
        </test-method> <!-- task7 -->
      </class> <!-- example.NewTest -->
    </test> <!-- Default test -->
  </suite> <!-- Default suite -->
</testng-results>
