<?xml version="1.0" encoding="UTF-8"?>
<!-- Generated by org.testng.reporters.JUnitXMLReporter -->
<testsuite ignored="6" hostname="DESKTOP-FJ9J44O" failures="0" tests="1" name="Default test" time="25.782" errors="0" timestamp="2020-05-04T02:03:09 CEST">
  <testcase classname="example.NewTest" name="task7" time="25.706"/>
  <testcase classname="example.NewTest" name="task2" time="0.0">
    <ignored/>
  </testcase> <!-- task2 -->
  <testcase classname="example.NewTest" name="task6" time="0.0">
    <ignored/>
  </testcase> <!-- task6 -->
  <testcase classname="example.NewTest" name="task3" time="0.0">
    <ignored/>
  </testcase> <!-- task3 -->
  <testcase classname="example.NewTest" name="task4" time="0.0">
    <ignored/>
  </testcase> <!-- task4 -->
  <testcase classname="example.NewTest" name="task1" time="0.0">
    <ignored/>
  </testcase> <!-- task1 -->
  <testcase classname="example.NewTest" name="task5" time="0.0">
    <ignored/>
  </testcase> <!-- task5 -->
</testsuite> <!-- Default test -->
